#
# There is insufficient memory for the Java Runtime Environment to continue.
# Native memory allocation (mmap) failed to map 266338304 bytes. Error detail: G1 virtual space
# Possible reasons:
#   The system is out of physical RAM or swap space
#   This process is running with CompressedOops enabled, and the Java Heap may be blocking the growth of the native heap
# Possible solutions:
#   Reduce memory load on the system
#   Increase physical memory or swap space
#   Check if swap backing store is full
#   Decrease Java heap size (-Xmx/-Xms)
#   Decrease number of Java threads
#   Decrease Java thread stack sizes (-Xss)
#   Set larger code cache with -XX:ReservedCodeCacheSize=
#   JVM is running with Zero Based Compressed Oops mode in which the Java heap is
#     placed in the first 32GB address space. The Java Heap base address is the
#     maximum limit for the native heap growth. Please use -XX:HeapBaseMinAddress
#     to set the Java Heap base and to place the Java Heap above 32GB virtual address.
# This output file may be truncated or incomplete.
#
#  Out of Memory Error (os_windows.cpp:3554), pid=6680, tid=7596
#
# JRE version:  (25.0+37) (build )
# Java VM: Java HotSpot(TM) 64-Bit Server VM (25+37-LTS-3491, mixed mode, sharing, tiered, compressed oops, compressed class ptrs, g1 gc, windows-amd64)
# No core dump will be written. Minidumps are not enabled by default on client versions of Windows
#

---------------  S U M M A R Y ------------

Command Line: -Dfile.encoding=UTF-8 -Dstdout.encoding=UTF-8 -Dstderr.encoding=UTF-8 --module-path=C:\Users\DAM1\Documents\javadoc\AntonioVillalba28\bin -XX:+ShowCodeDetailsInExceptionMessages -Djdk.module.main=AntonioVillalba28 AntonioVillalba28/Ejercicio7.Ejercicio7

Host: Intel(R) Core(TM) i5-10400 CPU @ 2.90GHz, 12 cores, 15G,  Windows 11 , 64 bit Build 26100 (10.0.26100.5074)
Time: Wed Oct 15 19:29:17 2025 Hora de verano romance elapsed time: 0.008617 seconds (0d 0h 0m 0s)

---------------  T H R E A D  ---------------

Current thread (0x000001df41612560):  JavaThread "Unknown thread" [_thread_in_vm, id=7596, stack(0x0000004b00400000,0x0000004b00500000) (1024K)]

Stack: [0x0000004b00400000,0x0000004b00500000]
Native frames: (J=compiled Java code, j=interpreted, Vv=VM code, C=native code)
V  [jvm.dll+0x7a6a39]  (no source info available)
V  [jvm.dll+0x7727ed]  (no source info available)
V  [jvm.dll+0x965f33]  (no source info available)
V  [jvm.dll+0x968531]  (no source info available)
V  [jvm.dll+0x968c33]  (no source info available)
V  [jvm.dll+0x2fc756]  (no source info available)
V  [jvm.dll+0x7a2c65]  (no source info available)
V  [jvm.dll+0x796077]  (no source info available)
V  [jvm.dll+0x3f4698]  (no source info available)
V  [jvm.dll+0x3fc5b6]  (no source info available)
V  [jvm.dll+0x3e8c8e]  (no source info available)
V  [jvm.dll+0x3e8f48]  (no source info available)
V  [jvm.dll+0x3c0045]  (no source info available)
V  [jvm.dll+0x3c0cce]  (no source info available)
V  [jvm.dll+0x92c647]  (no source info available)
V  [jvm.dll+0x458b62]  (no source info available)
V  [jvm.dll+0x90fff2]  (no source info available)
V  [jvm.dll+0x4f9001]  (no source info available)
V  [jvm.dll+0x4fa891]  (no source info available)
C  [jli.dll+0x543e]  (no source info available)
C  [ucrtbase.dll+0x37b0]  (no source info available)
C  [KERNEL32.DLL+0x2e8d7]  (no source info available)
C  [ntdll.dll+0x8d9c]  (no source info available)

Lock stack of current Java thread (top to bottom):


---------------  P R O C E S S  ---------------

Threads class SMR info:
_java_thread_list=0x00007fff9ab65308, length=0, elements={
}

Java Threads: ( => current thread )
Total: 0

Other Threads:
  0x000001df43b43840 WorkerThread "GC Thread#0"                     [id=9596, stack(0x0000004b00500000,0x0000004b00600000) (1024K)]
  0x000001df43b5ffc0 ConcurrentGCThread "G1 Main Marker"            [id=14056, stack(0x0000004b00600000,0x0000004b00700000) (1024K)]
  0x000001df43b60b60 WorkerThread "G1 Conc#0"                       [id=9612, stack(0x0000004b00700000,0x0000004b00800000) (1024K)]

[error occurred during error reporting (printing all threads), id 0xc0000005, EXCEPTION_ACCESS_VIOLATION (0xc0000005) at pc=0x00007fff9a244c2a]
VM state: not at safepoint (not fully initialized)

VM Mutex/Monitor currently owned by a thread:  ([mutex/lock_event])
[0x00007fff9abe9628] Heap_lock - owner thread: 0x000001df41612560

Heap address: 0x0000000702a00000, size: 4054 MB, Compressed Oops mode: Zero based, Oop shift amount: 3

CDS archive(s) mapped at: [0x0000000000000000-0x0000000000000000-0x0000000000000000), size 0, SharedBaseAddress: 0x0000000800000000, ArchiveRelocationMode: 1.
UseCompressedClassPointers 1, UseCompactObjectHeaders 0
Narrow klass pointer bits 32, Max shift 3
Narrow klass base: 0xffffffffffffffff, Narrow klass shift: -1
Encoding Range: [0xffffffffffffffff - 0x000000007fffffff), (2147483648 bytes)
Klass Range:    [0x0000000000000000 - 0x0000000000000000), (0 bytes)
Klass ID Range:  [4294967295 - 0) (1)
No protection zone.

GC Precious Log:
 CardTable entry size: 512
 Card Set container configuration: InlinePtr #cards 4 size 8 Array Of Cards #cards 16 size 48 Howl #buckets 8 coarsen threshold 3686 Howl Bitmap #cards 512 size 80 coarsen threshold 460 Card regions per heap region 1 cards per card region 4096

Heap:
 garbage-first heap   total reserved 4151296K, committed 0K, used 0K [0x0000000702a00000, 0x0000000800000000)
  region size 2048K, 0 young (0K), 0 survivors (0K)

Heap Regions: E=young(eden), S=young(survivor), O=old, HS=humongous(starts), HC=humongous(continues), CS=collection set, F=free, TAMS=top-at-mark-start, PB=parsable bottom

Card table byte_map: [0x000001df5c0a0000,0x000001df5c890000] _byte_map_base: 0x000001df5888b000

Marking Bits: (CMBitMap*) 0x000001df43b43fd0
 Bits: [0x000001df5c890000, 0x000001df607e8000)

GC Heap Usage History (0 events):
No events

Metaspace Usage History (0 events):
No events

Dll operation events (1 events):
Event: 0.006 Loaded shared library C:\Program Files\Java\jdk-25\bin\java.dll

Deoptimization events (0 events):
No events

Classes loaded (0 events):
No events

Classes unloaded (0 events):
No events

Classes redefined (0 events):
No events

Internal exceptions (0 events):
No events

VM Operations (0 events):
No events

Memory protections (0 events):
No events

Nmethod flushes (0 events):
No events

Events (0 events):
No events


Dynamic libraries:
0x00007ff7c78a0000 - 0x00007ff7c78b0000 	C:\Program Files\Java\jdk-25\bin\javaw.exe
0x00007fffec080000 - 0x00007fffec2e9000 	C:\WINDOWS\SYSTEM32\ntdll.dll
0x00007fffeaf50000 - 0x00007fffeb019000 	C:\WINDOWS\System32\KERNEL32.DLL
0x00007fffe94a0000 - 0x00007fffe9893000 	C:\WINDOWS\System32\KERNELBASE.dll
0x00007fffe9350000 - 0x00007fffe949b000 	C:\WINDOWS\System32\ucrtbase.dll
0x00007fffcc370000 - 0x00007fffcc387000 	C:\Program Files\Java\jdk-25\bin\jli.dll
0x00007fffcc350000 - 0x00007fffcc36e000 	C:\Program Files\Java\jdk-25\bin\VCRUNTIME140.dll
0x00007fffe9f00000 - 0x00007fffea0c4000 	C:\WINDOWS\System32\USER32.dll
0x00007fffc5130000 - 0x00007fffc53c3000 	C:\WINDOWS\WinSxS\amd64_microsoft.windows.common-controls_6595b64144ccf1df_6.0.26100.5074_none_3e0d6f78e32fd63f\COMCTL32.dll
0x00007fffe9cb0000 - 0x00007fffe9cd7000 	C:\WINDOWS\System32\win32u.dll
0x00007fffeb330000 - 0x00007fffeb3d9000 	C:\WINDOWS\System32\msvcrt.dll
0x00007fffea110000 - 0x00007fffea13b000 	C:\WINDOWS\System32\GDI32.dll
0x00007fffe9a00000 - 0x00007fffe9b2d000 	C:\WINDOWS\System32\gdi32full.dll
0x00007fffe92a0000 - 0x00007fffe9343000 	C:\WINDOWS\System32\msvcp_win.dll
0x00007fffea240000 - 0x00007fffea26f000 	C:\WINDOWS\System32\IMM32.DLL
0x00007fffd8b30000 - 0x00007fffd8b3c000 	C:\Program Files\Java\jdk-25\bin\vcruntime140_1.dll
0x00007fffcafa0000 - 0x00007fffcb02d000 	C:\Program Files\Java\jdk-25\bin\msvcp140.dll
0x00007fff99e70000 - 0x00007fff9accf000 	C:\Program Files\Java\jdk-25\bin\server\jvm.dll
0x00007fffea300000 - 0x00007fffea3b4000 	C:\WINDOWS\System32\ADVAPI32.dll
0x00007fffeb280000 - 0x00007fffeb326000 	C:\WINDOWS\System32\sechost.dll
0x00007fffea3c0000 - 0x00007fffea4d8000 	C:\WINDOWS\System32\RPCRT4.dll
0x00007fffea280000 - 0x00007fffea2f4000 	C:\WINDOWS\System32\WS2_32.dll
0x00007fffe9070000 - 0x00007fffe90ce000 	C:\WINDOWS\SYSTEM32\POWRPROF.dll
0x00007fffd8b40000 - 0x00007fffd8b75000 	C:\WINDOWS\SYSTEM32\WINMM.dll
0x00007fffdd530000 - 0x00007fffdd53b000 	C:\WINDOWS\SYSTEM32\VERSION.dll
0x00007fffe9050000 - 0x00007fffe9064000 	C:\WINDOWS\SYSTEM32\UMPDC.dll
0x00007fffe7ff0000 - 0x00007fffe800b000 	C:\WINDOWS\SYSTEM32\kernel.appcore.dll
0x00007fffd6c40000 - 0x00007fffd6c4a000 	C:\Program Files\Java\jdk-25\bin\jimage.dll
0x00007fffc6a10000 - 0x00007fffc6c52000 	C:\WINDOWS\SYSTEM32\DBGHELP.DLL
0x00007fffeabd0000 - 0x00007fffeaf4b000 	C:\WINDOWS\System32\combase.dll
0x00007fffeb040000 - 0x00007fffeb117000 	C:\WINDOWS\System32\OLEAUT32.dll
0x00007fffd4be0000 - 0x00007fffd4c1d000 	C:\WINDOWS\SYSTEM32\dbgcore.DLL
0x00007fffe9960000 - 0x00007fffe99f9000 	C:\WINDOWS\System32\bcryptPrimitives.dll
0x00007fffcb650000 - 0x00007fffcb66f000 	C:\Program Files\Java\jdk-25\bin\java.dll
0x00007fffeaa30000 - 0x00007fffeabc8000 	C:\WINDOWS\System32\ole32.dll
0x00007fffeb460000 - 0x00007fffebbad000 	C:\WINDOWS\System32\SHELL32.dll
0x00007fffe9ce0000 - 0x00007fffe9e4c000 	C:\WINDOWS\System32\wintypes.dll

JVMTI agents: none

dbghelp: loaded successfully - version: 4.0.5 - missing functions: none
symbol engine: initialized successfully - sym options: 0x614 - pdb path: .;C:\Program Files\Java\jdk-25\bin;C:\WINDOWS\SYSTEM32;C:\WINDOWS\WinSxS\amd64_microsoft.windows.common-controls_6595b64144ccf1df_6.0.26100.5074_none_3e0d6f78e32fd63f;C:\Program Files\Java\jdk-25\bin\server

VM Arguments:
jvm_args: -Dfile.encoding=UTF-8 -Dstdout.encoding=UTF-8 -Dstderr.encoding=UTF-8 --module-path=C:\Users\DAM1\Documents\javadoc\AntonioVillalba28\bin -XX:+ShowCodeDetailsInExceptionMessages -Djdk.module.main=AntonioVillalba28 
java_command: AntonioVillalba28/Ejercicio7.Ejercicio7
java_class_path (initial): <not set>
Launcher Type: SUN_STANDARD

[Global flags]
     intx CICompilerCount                          = 4                                         {product} {ergonomic}
     uint ConcGCThreads                            = 3                                         {product} {ergonomic}
     uint G1ConcRefinementThreads                  = 10                                        {product} {ergonomic}
   size_t G1HeapRegionSize                         = 2097152                                   {product} {ergonomic}
   size_t InitialHeapSize                          = 266338304                                 {product} {ergonomic}
   size_t MarkStackSize                            = 4194304                                   {product} {ergonomic}
   size_t MarkStackSizeMax                         = 536870912                                 {product} {ergonomic}
   size_t MaxHeapSize                              = 4250927104                                {product} {ergonomic}
   size_t MinHeapDeltaBytes                        = 2097152                                   {product} {ergonomic}
   size_t MinHeapSize                              = 8388608                                   {product} {ergonomic}
    uintx NonNMethodCodeHeapSize                   = 5832704                                {pd product} {ergonomic}
    uintx NonProfiledCodeHeapSize                  = 122945536                              {pd product} {ergonomic}
    uintx ProfiledCodeHeapSize                     = 122880000                              {pd product} {ergonomic}
    uintx ReservedCodeCacheSize                    = 251658240                              {pd product} {ergonomic}
     bool SegmentedCodeCache                       = true                                      {product} {ergonomic}
     bool ShowCodeDetailsInExceptionMessages       = true                                   {manageable} {command line}
   size_t SoftMaxHeapSize                          = 4250927104                             {manageable} {ergonomic}
     bool UseCompressedOops                        = true                           {product lp64_product} {ergonomic}
     bool UseG1GC                                  = true                                      {product} {ergonomic}
     bool UseLargePagesIndividualAllocation        = false                                  {pd product} {ergonomic}

Logging:
Log output configuration:
 #0: stdout all=warning uptime,level,tags foldmultilines=false
 #1: stderr all=off uptime,level,tags foldmultilines=false

Release file:
<release file has not been read>
Environment Variables:
PATH=C:/stuff/eclipse/eclipse//plugins/org.eclipse.justj.openjdk.hotspot.jre.full.win32.x86_64_21.0.8.v20250724-1412/jre/bin/server;C:/stuff/eclipse/eclipse//plugins/org.eclipse.justj.openjdk.hotspot.jre.full.win32.x86_64_21.0.8.v20250724-1412/jre/bin;C:\Program Files\Common Files\Oracle\Java\javapath;C:\WINDOWS\system32;C:\WINDOWS;C:\WINDOWS\System32\Wbem;C:\WINDOWS\System32\WindowsPowerShell\v1.0\;C:\WINDOWS\System32\OpenSSH\;C:\Program Files\Git\cmd;C:\Users\DAM1\AppData\Local\Microsoft\WindowsApps;C:\Users\DAM1\AppData\Local\Programs\Microsoft VS Code\bin;C:\stuff\eclipse\eclipse;
USERNAME=DAM1
OS=Windows_NT
PROCESSOR_IDENTIFIER=Intel64 Family 6 Model 165 Stepping 5, GenuineIntel
TMP=C:\Users\DAM1\AppData\Local\Temp
TEMP=C:\Users\DAM1\AppData\Local\Temp




Compilation memory statistics disabled.

Periodic native trim disabled

---------------  S Y S T E M  ---------------

OS:
 Windows 11 , 64 bit Build 26100 (10.0.26100.5074)
OS uptime: 7 days 22:12 hours

CPU: total 12 (initial active 12) (6 cores per cpu, 2 threads per core) family 6 model 165 stepping 5 microcode 0xec, cx8, cmov, fxsr, ht, mmx, 3dnowpref, sse, sse2, sse3, ssse3, sse4.1, sse4.2, popcnt, lzcnt, tsc, tscinvbit, avx, avx2, aes, erms, clmul, bmi1, bmi2, adx, fma, vzeroupper, clflush, clflushopt, rdtscp, f16c, pku
Processor Information for the first 12 processors :
  Max Mhz: 2904, Current Mhz: 2904, Mhz Limit: 2904

Memory: 4k page, system-wide physical 16213M (4030M free)
TotalPageFile size 65361M (AvailPageFile size 229M)
current process WorkingSet (physical memory assigned to process): 14M, peak: 14M
current process commit charge ("private bytes"): 65M, peak: 318M

vm_info: Java HotSpot(TM) 64-Bit Server VM (25+37-LTS-3491) for windows-amd64 JRE (25+37-LTS-3491), built on 2025-08-14T21:13:00Z with unknown MS VC++:1943

END.
